Performing C SOURCE FILE Test FOUND_LIBJPEG_TURBO failed with the following compile output:
Change Dir: /home/vexo/project/Final-year-project-1/final-1/build/CMakeFiles/CMakeScratch/TryCompile-bA5JO3

Run Build Command(s):/usr/bin/gmake -f Makefile cmTC_abddd/fast && /usr/bin/gmake  -f CMakeFiles/cmTC_abddd.dir/build.make CMakeFiles/cmTC_abddd.dir/build
gmake[1]: Entering directory '/home/vexo/project/Final-year-project-1/final-1/build/CMakeFiles/CMakeScratch/TryCompile-bA5JO3'
Building C object CMakeFiles/cmTC_abddd.dir/src.c.o
/usr/bin/cc -DFOUND_LIBJPEG_TURBO  -std=gnu99 -Wall -Wformat=2 -I/usr/include -o CMakeFiles/cmTC_abddd.dir/src.c.o -c /home/vexo/project/Final-year-project-1/final-1/build/CMakeFiles/CMakeScratch/TryCompile-bA5JO3/src.c
Linking C executable cmTC_abddd
/usr/bin/cmake -E cmake_link_script CMakeFiles/cmTC_abddd.dir/link.txt --verbose=1
/usr/bin/cc  -std=gnu99 -Wall -Wformat=2 -I/usr/include -rdynamic CMakeFiles/cmTC_abddd.dir/src.c.o -o cmTC_abddd  -Wl,-Bstatic -lturbojpeg -Wl,-Bdynamic 
/usr/bin/ld: cannot find -lturbojpeg: No such file or directory
collect2: error: ld returned 1 exit status
gmake[1]: *** [CMakeFiles/cmTC_abddd.dir/build.make:99: cmTC_abddd] Error 1
gmake[1]: Leaving directory '/home/vexo/project/Final-year-project-1/final-1/build/CMakeFiles/CMakeScratch/TryCompile-bA5JO3'
gmake: *** [Makefile:127: cmTC_abddd/fast] Error 2


...and run output:

Return value: 1
Source file was:


  #include <stdio.h>

  #include <jpeglib.h>

  int main(void) {

    struct jpeg_compress_struct cinfo;

    struct jpeg_error_mgr jerr;

    cinfo.err=jpeg_std_error(&jerr);

    jpeg_create_compress(&cinfo);

    cinfo.input_components = 3;

    jpeg_set_defaults(&cinfo);

    cinfo.in_color_space = JCS_EXT_RGB;

    jpeg_default_colorspace(&cinfo);

    return 0;

  }

